<?xml version="1.0" encoding="UTF-8"?>
<testsuite xmlns:xsi="http://www.w3.org/2001/XMLSchema-instance" xsi:noNamespaceSchemaLocation="https://maven.apache.org/surefire/maven-surefire-plugin/xsd/surefire-test-report.xsd" name="BinaryTreeTest" time="0.194" tests="23" errors="0" skipped="0" failures="0">
  <properties>
[...]
</properties>
  <testcase name="testGetLeftChildPostcondition" classname="BinaryTreeTest" time="0.045"/>
  <testcase name="testLeavesPostcondition" classname="BinaryTreeTest" time="0.004"/>
  <testcase name="testConstructorPostcondition" classname="BinaryTreeTest" time="0"/>
  <testcase name="testHeightPostcondition" classname="BinaryTreeTest" time="0.002"/>
  <testcase name="testGetLeftChildPrecondition" classname="BinaryTreeTest" time="0.005"/>
  <testcase name="testPreOrderItPostcondition" classname="BinaryTreeTest" time="0.015"/>
  <testcase name="testDeepCopyPostcondition" classname="BinaryTreeTest" time="0.052"/>
  <testcase name="testMakeEmptyPostcondition" classname="BinaryTreeTest" time="0.001"/>
  <testcase name="testIsEmptyPostcondition" classname="BinaryTreeTest" time="0.002"/>
  <testcase name="testPostOrderItPostcondition" classname="BinaryTreeTest" time="0.002"/>
  <testcase name="testDefaultConstructorEnsuresTreeIsEmpty" classname="BinaryTreeTest" time="0.001"/>
  <testcase name="testIsBalancedTrue" classname="BinaryTreeTest" time="0.002"/>
  <testcase name="testInOrderItPostcondition" classname="BinaryTreeTest" time="0.001"/>
  <testcase name="testGetRightChildPostcondition" classname="BinaryTreeTest" time="0.001"/>
  <testcase name="testGetRightChildPrecondition" classname="BinaryTreeTest" time="0.002"/>
  <testcase name="testConstructorPrecondition" classname="BinaryTreeTest" time="0.003"/>
  <testcase name="testGetRootPostcondition" classname="BinaryTreeTest" time="0.001"/>
  <testcase name="testLevelOrderPostcondition" classname="BinaryTreeTest" time="0.002"/>
  <testcase name="testPostOrderRecPostcondition" classname="BinaryTreeTest" time="0.001"/>
  <testcase name="testInOrderRecPostcondition" classname="BinaryTreeTest" time="0.001"/>
  <testcase name="testSizePostcondition" classname="BinaryTreeTest" time="0.002"/>
  <testcase name="testPreOrderRecPostcondition" classname="BinaryTreeTest" time="0.003"/>
  <testcase name="testIsBalancedFalse" classname="BinaryTreeTest" time="0.001"/>
</testsuite>